{"/Users/gaulatti/source/yearn/debra/src/functions/deliver.d.ts": {"path":"/Users/gaulatti/source/yearn/debra/src/functions/deliver.d.ts","statementMap":{},"fnMap":{},"branchMap":{},"s":{},"f":{},"b":{}}
,"/Users/gaulatti/source/yearn/debra/src/functions/deliver.ts": {"path":"/Users/gaulatti/source/yearn/debra/src/functions/deliver.ts","statementMap":{"0":{"start":{"line":1,"column":0},"end":{"line":1,"column":71}},"1":{"start":{"line":3,"column":11},"end":{"line":3,"column":37}},"2":{"start":{"line":5,"column":13},"end":{"line":35,"column":1}},"3":{"start":{"line":8,"column":6},"end":{"line":8,"column":11}},"4":{"start":{"line":10,"column":15},"end":{"line":10,"column":34}},"5":{"start":{"line":12,"column":2},"end":{"line":14,"column":null}},"6":{"start":{"line":13,"column":4},"end":{"line":13,"column":60}},"7":{"start":{"line":16,"column":18},"end":{"line":16,"column":47}},"8":{"start":{"line":17,"column":18},"end":{"line":17,"column":40}},"9":{"start":{"line":19,"column":2},"end":{"line":23,"column":4}},"10":{"start":{"line":25,"column":2},"end":{"line":25,"column":null}},"11":{"start":{"line":27,"column":2},"end":{"line":27,"column":52}},"12":{"start":{"line":30,"column":2},"end":{"line":32,"column":null}},"13":{"start":{"line":31,"column":4},"end":{"line":31,"column":59}},"14":{"start":{"line":34,"column":2},"end":{"line":34,"column":28}},"15":{"start":{"line":37,"column":9},"end":{"line":37,"column":13}}},"fnMap":{"0":{"name":"(anonymous_0)","decl":{"start":{"line":5,"column":13},"end":{"line":5,"column":18}},"loc":{"start":{"line":5,"column":64},"end":{"line":35,"column":1}}}},"branchMap":{"0":{"loc":{"start":{"line":12,"column":2},"end":{"line":14,"column":null}},"type":"if","locations":[{"start":{"line":12,"column":2},"end":{"line":14,"column":null}}]},"1":{"loc":{"start":{"line":12,"column":6},"end":{"line":12,"column":31}},"type":"binary-expr","locations":[{"start":{"line":12,"column":6},"end":{"line":12,"column":11}},{"start":{"line":12,"column":15},"end":{"line":12,"column":31}}]},"2":{"loc":{"start":{"line":17,"column":18},"end":{"line":17,"column":40}},"type":"binary-expr","locations":[{"start":{"line":17,"column":18},"end":{"line":17,"column":34}},{"start":{"line":17,"column":38},"end":{"line":17,"column":40}}]},"3":{"loc":{"start":{"line":30,"column":2},"end":{"line":32,"column":null}},"type":"if","locations":[{"start":{"line":30,"column":2},"end":{"line":32,"column":null}}]}},"s":{"0":0,"1":0,"2":0,"3":0,"4":0,"5":0,"6":0,"7":0,"8":0,"9":0,"10":0,"11":0,"12":0,"13":0,"14":0,"15":0},"f":{"0":0},"b":{"0":[0],"1":[0,0],"2":[0,0],"3":[0]}}
,"/Users/gaulatti/source/yearn/debra/src/functions/get.d.ts": {"path":"/Users/gaulatti/source/yearn/debra/src/functions/get.d.ts","statementMap":{},"fnMap":{},"branchMap":{},"s":{},"f":{},"b":{}}
,"/Users/gaulatti/source/yearn/debra/src/functions/get.ts": {"path":"/Users/gaulatti/source/yearn/debra/src/functions/get.ts","statementMap":{"0":{"start":{"line":1,"column":0},"end":{"line":1,"column":36}},"1":{"start":{"line":2,"column":0},"end":{"line":2,"column":56}},"2":{"start":{"line":3,"column":0},"end":{"line":3,"column":null}},"3":{"start":{"line":11,"column":11},"end":{"line":11,"column":37}},"4":{"start":{"line":13,"column":13},"end":{"line":66,"column":1}},"5":{"start":{"line":14,"column":2},"end":{"line":65,"column":null}},"6":{"start":{"line":15,"column":42},"end":{"line":15,"column":66}},"7":{"start":{"line":16,"column":4},"end":{"line":16,"column":73}},"8":{"start":{"line":16,"column":29},"end":{"line":16,"column":73}},"9":{"start":{"line":19,"column":4},"end":{"line":21,"column":null}},"10":{"start":{"line":20,"column":6},"end":{"line":20,"column":45}},"11":{"start":{"line":23,"column":4},"end":{"line":25,"column":null}},"12":{"start":{"line":24,"column":6},"end":{"line":24,"column":47}},"13":{"start":{"line":30,"column":4},"end":{"line":32,"column":null}},"14":{"start":{"line":31,"column":6},"end":{"line":31,"column":46}},"15":{"start":{"line":37,"column":4},"end":{"line":48,"column":null}},"16":{"start":{"line":41,"column":6},"end":{"line":41,"column":45}},"17":{"start":{"line":41,"column":16},"end":{"line":41,"column":45}},"18":{"start":{"line":42,"column":29},"end":{"line":42,"column":59}},"19":{"start":{"line":43,"column":6},"end":{"line":43,"column":33}},"20":{"start":{"line":44,"column":6},"end":{"line":44,"column":47}},"21":{"start":{"line":45,"column":6},"end":{"line":45,"column":40}},"22":{"start":{"line":47,"column":6},"end":{"line":47,"column":31}},"23":{"start":{"line":56,"column":4},"end":{"line":59,"column":null}},"24":{"start":{"line":57,"column":6},"end":{"line":57,"column":24}},"25":{"start":{"line":58,"column":6},"end":{"line":58,"column":40}},"26":{"start":{"line":61,"column":4},"end":{"line":61,"column":47}},"27":{"start":{"line":63,"column":4},"end":{"line":63,"column":35}},"28":{"start":{"line":64,"column":4},"end":{"line":64,"column":40}},"29":{"start":{"line":68,"column":9},"end":{"line":68,"column":13}}},"fnMap":{"0":{"name":"(anonymous_0)","decl":{"start":{"line":13,"column":13},"end":{"line":13,"column":18}},"loc":{"start":{"line":13,"column":65},"end":{"line":66,"column":1}}}},"branchMap":{"0":{"loc":{"start":{"line":16,"column":4},"end":{"line":16,"column":73}},"type":"if","locations":[{"start":{"line":16,"column":4},"end":{"line":16,"column":73}}]},"1":{"loc":{"start":{"line":16,"column":8},"end":{"line":16,"column":27}},"type":"binary-expr","locations":[{"start":{"line":16,"column":8},"end":{"line":16,"column":18}},{"start":{"line":16,"column":22},"end":{"line":16,"column":27}}]},"2":{"loc":{"start":{"line":19,"column":4},"end":{"line":21,"column":null}},"type":"if","locations":[{"start":{"line":19,"column":4},"end":{"line":21,"column":null}}]},"3":{"loc":{"start":{"line":23,"column":4},"end":{"line":25,"column":null}},"type":"if","locations":[{"start":{"line":23,"column":4},"end":{"line":25,"column":null}}]},"4":{"loc":{"start":{"line":30,"column":4},"end":{"line":32,"column":null}},"type":"if","locations":[{"start":{"line":30,"column":4},"end":{"line":32,"column":null}}]},"5":{"loc":{"start":{"line":37,"column":4},"end":{"line":48,"column":null}},"type":"if","locations":[{"start":{"line":37,"column":4},"end":{"line":48,"column":null}},{"start":{"line":46,"column":11},"end":{"line":48,"column":null}}]},"6":{"loc":{"start":{"line":41,"column":6},"end":{"line":41,"column":45}},"type":"if","locations":[{"start":{"line":41,"column":6},"end":{"line":41,"column":45}}]}},"s":{"0":0,"1":0,"2":0,"3":0,"4":0,"5":0,"6":0,"7":0,"8":0,"9":0,"10":0,"11":0,"12":0,"13":0,"14":0,"15":0,"16":0,"17":0,"18":0,"19":0,"20":0,"21":0,"22":0,"23":0,"24":0,"25":0,"26":0,"27":0,"28":0,"29":0},"f":{"0":0},"b":{"0":[0],"1":[0,0],"2":[0],"3":[0],"4":[0],"5":[0,0],"6":[0]}}
,"/Users/gaulatti/source/yearn/debra/src/functions/list.d.ts": {"path":"/Users/gaulatti/source/yearn/debra/src/functions/list.d.ts","statementMap":{},"fnMap":{},"branchMap":{},"s":{},"f":{},"b":{}}
,"/Users/gaulatti/source/yearn/debra/src/functions/list.ts": {"path":"/Users/gaulatti/source/yearn/debra/src/functions/list.ts","statementMap":{"0":{"start":{"line":1,"column":0},"end":{"line":1,"column":56}},"1":{"start":{"line":3,"column":11},"end":{"line":3,"column":37}},"2":{"start":{"line":5,"column":13},"end":{"line":12,"column":1}},"3":{"start":{"line":6,"column":15},"end":{"line":6,"column":30}},"4":{"start":{"line":8,"column":2},"end":{"line":11,"column":4}},"5":{"start":{"line":14,"column":9},"end":{"line":14,"column":13}}},"fnMap":{"0":{"name":"(anonymous_0)","decl":{"start":{"line":5,"column":13},"end":{"line":5,"column":18}},"loc":{"start":{"line":5,"column":65},"end":{"line":12,"column":1}}}},"branchMap":{},"s":{"0":0,"1":0,"2":0,"3":0,"4":0,"5":0},"f":{"0":0},"b":{}}
,"/Users/gaulatti/source/yearn/debra/src/functions/merge.d.ts": {"path":"/Users/gaulatti/source/yearn/debra/src/functions/merge.d.ts","statementMap":{},"fnMap":{},"branchMap":{},"s":{},"f":{},"b":{}}
,"/Users/gaulatti/source/yearn/debra/src/functions/merge.ts": {"path":"/Users/gaulatti/source/yearn/debra/src/functions/merge.ts","statementMap":{"0":{"start":{"line":1,"column":0},"end":{"line":1,"column":null}},"1":{"start":{"line":10,"column":0},"end":{"line":10,"column":56}},"2":{"start":{"line":12,"column":15},"end":{"line":14,"column":2}},"3":{"start":{"line":16,"column":11},"end":{"line":16,"column":37}},"4":{"start":{"line":18,"column":13},"end":{"line":101,"column":1}},"5":{"start":{"line":26,"column":6},"end":{"line":26,"column":11}},"6":{"start":{"line":31,"column":21},"end":{"line":31,"column":31}},"7":{"start":{"line":33,"column":2},"end":{"line":35,"column":null}},"8":{"start":{"line":34,"column":4},"end":{"line":34,"column":73}},"9":{"start":{"line":40,"column":21},"end":{"line":51,"column":5}},"10":{"start":{"line":40,"column":50},"end":{"line":51,"column":4}},"11":{"start":{"line":53,"column":35},"end":{"line":88,"column":4}},"12":{"start":{"line":90,"column":19},"end":{"line":90,"column":111}},"13":{"start":{"line":92,"column":18},"end":{"line":95,"column":4}},"14":{"start":{"line":97,"column":17},"end":{"line":97,"column":43}},"15":{"start":{"line":98,"column":2},"end":{"line":98,"column":69}},"16":{"start":{"line":100,"column":2},"end":{"line":100,"column":28}},"17":{"start":{"line":103,"column":9},"end":{"line":103,"column":13}}},"fnMap":{"0":{"name":"(anonymous_0)","decl":{"start":{"line":18,"column":13},"end":{"line":18,"column":18}},"loc":{"start":{"line":18,"column":64},"end":{"line":101,"column":1}}},"1":{"name":"(anonymous_1)","decl":{"start":{"line":40,"column":36},"end":{"line":40,"column":37}},"loc":{"start":{"line":40,"column":50},"end":{"line":51,"column":4}}}},"branchMap":{},"s":{"0":0,"1":0,"2":0,"3":0,"4":0,"5":0,"6":0,"7":0,"8":0,"9":0,"10":0,"11":0,"12":0,"13":0,"14":0,"15":0,"16":0,"17":0},"f":{"0":0,"1":0},"b":{}}
,"/Users/gaulatti/source/yearn/debra/src/functions/merge_files.d.ts": {"path":"/Users/gaulatti/source/yearn/debra/src/functions/merge_files.d.ts","statementMap":{},"fnMap":{},"branchMap":{},"s":{},"f":{},"b":{}}
,"/Users/gaulatti/source/yearn/debra/src/functions/merge_files.ts": {"path":"/Users/gaulatti/source/yearn/debra/src/functions/merge_files.ts","statementMap":{"0":{"start":{"line":1,"column":0},"end":{"line":1,"column":null}},"1":{"start":{"line":7,"column":0},"end":{"line":7,"column":53}},"2":{"start":{"line":9,"column":0},"end":{"line":9,"column":71}},"3":{"start":{"line":10,"column":0},"end":{"line":10,"column":26}},"4":{"start":{"line":11,"column":0},"end":{"line":11,"column":26}},"5":{"start":{"line":12,"column":11},"end":{"line":12,"column":37}},"6":{"start":{"line":13,"column":15},"end":{"line":13,"column":29}},"7":{"start":{"line":16,"column":2},"end":{"line":22,"column":5}},"8":{"start":{"line":17,"column":23},"end":{"line":17,"column":53}},"9":{"start":{"line":18,"column":4},"end":{"line":18,"column":28}},"10":{"start":{"line":19,"column":4},"end":{"line":19,"column":31}},"11":{"start":{"line":20,"column":4},"end":{"line":20,"column":37}},"12":{"start":{"line":21,"column":4},"end":{"line":21,"column":35}},"13":{"start":{"line":26,"column":2},"end":{"line":34,"column":5}},"14":{"start":{"line":27,"column":4},"end":{"line":33,"column":7}},"15":{"start":{"line":28,"column":6},"end":{"line":31,"column":null}},"16":{"start":{"line":29,"column":8},"end":{"line":29,"column":22}},"17":{"start":{"line":30,"column":8},"end":{"line":30,"column":15}},"18":{"start":{"line":32,"column":6},"end":{"line":32,"column":34}},"19":{"start":{"line":38,"column":21},"end":{"line":38,"column":50}},"20":{"start":{"line":39,"column":17},"end":{"line":39,"column":54}},"21":{"start":{"line":41,"column":16},"end":{"line":45,"column":4}},"22":{"start":{"line":47,"column":18},"end":{"line":47,"column":45}},"23":{"start":{"line":48,"column":2},"end":{"line":48,"column":29}},"24":{"start":{"line":51,"column":13},"end":{"line":142,"column":1}},"25":{"start":{"line":57,"column":6},"end":{"line":57,"column":11}},"26":{"start":{"line":58,"column":2},"end":{"line":138,"column":null}},"27":{"start":{"line":59,"column":23},"end":{"line":59,"column":79}},"28":{"start":{"line":61,"column":36},"end":{"line":61,"column":45}},"29":{"start":{"line":63,"column":23},"end":{"line":68,"column":6}},"30":{"start":{"line":70,"column":4},"end":{"line":70,"column":44}},"31":{"start":{"line":72,"column":4},"end":{"line":83,"column":6}},"32":{"start":{"line":76,"column":8},"end":{"line":81,"column":10}},"33":{"start":{"line":85,"column":4},"end":{"line":85,"column":45}},"34":{"start":{"line":86,"column":22},"end":{"line":89,"column":6}},"35":{"start":{"line":87,"column":23},"end":{"line":87,"column":37}},"36":{"start":{"line":88,"column":6},"end":{"line":88,"column":63}},"37":{"start":{"line":91,"column":4},"end":{"line":91,"column":44}},"38":{"start":{"line":93,"column":26},"end":{"line":93,"column":53}},"39":{"start":{"line":94,"column":23},"end":{"line":94,"column":53}},"40":{"start":{"line":96,"column":4},"end":{"line":96,"column":47}},"41":{"start":{"line":98,"column":4},"end":{"line":115,"column":null}},"42":{"start":{"line":99,"column":20},"end":{"line":102,"column":8}},"43":{"start":{"line":103,"column":6},"end":{"line":103,"column":29}},"44":{"start":{"line":104,"column":31},"end":{"line":104,"column":58}},"45":{"start":{"line":105,"column":47},"end":{"line":106,"column":null}},"46":{"start":{"line":109,"column":6},"end":{"line":111,"column":null}},"47":{"start":{"line":110,"column":8},"end":{"line":110,"column":59}},"48":{"start":{"line":112,"column":6},"end":{"line":112,"column":48}},"49":{"start":{"line":113,"column":6},"end":{"line":113,"column":66}},"50":{"start":{"line":114,"column":6},"end":{"line":114,"column":45}},"51":{"start":{"line":117,"column":25},"end":{"line":117,"column":44}},"52":{"start":{"line":118,"column":24},"end":{"line":118,"column":76}},"53":{"start":{"line":118,"column":48},"end":{"line":118,"column":64}},"54":{"start":{"line":120,"column":4},"end":{"line":120,"column":48}},"55":{"start":{"line":122,"column":20},"end":{"line":122,"column":90}},"56":{"start":{"line":123,"column":4},"end":{"line":123,"column":24}},"57":{"start":{"line":125,"column":4},"end":{"line":125,"column":64}},"58":{"start":{"line":126,"column":20},"end":{"line":126,"column":38}},"59":{"start":{"line":127,"column":20},"end":{"line":127,"column":42}},"60":{"start":{"line":129,"column":4},"end":{"line":131,"column":6}},"61":{"start":{"line":132,"column":4},"end":{"line":132,"column":null}},"62":{"start":{"line":133,"column":4},"end":{"line":133,"column":43}},"63":{"start":{"line":134,"column":4},"end":{"line":134,"column":null}},"64":{"start":{"line":136,"column":4},"end":{"line":136,"column":54}},"65":{"start":{"line":137,"column":4},"end":{"line":137,"column":16}},"66":{"start":{"line":139,"column":2},"end":{"line":139,"column":null}},"67":{"start":{"line":140,"column":2},"end":{"line":140,"column":null}},"68":{"start":{"line":141,"column":2},"end":{"line":141,"column":15}},"69":{"start":{"line":144,"column":9},"end":{"line":144,"column":13}}},"fnMap":{"0":{"name":"streamToFile","decl":{"start":{"line":15,"column":9},"end":{"line":15,"column":21}},"loc":{"start":{"line":15,"column":56},"end":{"line":23,"column":1}}},"1":{"name":"(anonymous_1)","decl":{"start":{"line":16,"column":21},"end":{"line":16,"column":22}},"loc":{"start":{"line":16,"column":41},"end":{"line":22,"column":3}}},"2":{"name":"exec","decl":{"start":{"line":25,"column":9},"end":{"line":25,"column":13}},"loc":{"start":{"line":25,"column":29},"end":{"line":35,"column":1}}},"3":{"name":"(anonymous_3)","decl":{"start":{"line":26,"column":21},"end":{"line":26,"column":22}},"loc":{"start":{"line":26,"column":41},"end":{"line":34,"column":3}}},"4":{"name":"(anonymous_4)","decl":{"start":{"line":27,"column":26},"end":{"line":27,"column":27}},"loc":{"start":{"line":27,"column":52},"end":{"line":33,"column":5}}},"5":{"name":"uploadFileToS3","decl":{"start":{"line":37,"column":15},"end":{"line":37,"column":29}},"loc":{"start":{"line":37,"column":75},"end":{"line":49,"column":1}}},"6":{"name":"(anonymous_6)","decl":{"start":{"line":51,"column":13},"end":{"line":51,"column":18}},"loc":{"start":{"line":51,"column":64},"end":{"line":142,"column":1}}},"7":{"name":"(anonymous_7)","decl":{"start":{"line":73,"column":6},"end":{"line":73,"column":7}},"loc":{"start":{"line":75,"column":11},"end":{"line":82,"column":7}}},"8":{"name":"(anonymous_8)","decl":{"start":{"line":86,"column":37},"end":{"line":86,"column":38}},"loc":{"start":{"line":86,"column":53},"end":{"line":89,"column":5}}},"9":{"name":"(anonymous_9)","decl":{"start":{"line":118,"column":38},"end":{"line":118,"column":39}},"loc":{"start":{"line":118,"column":48},"end":{"line":118,"column":64}}}},"branchMap":{"0":{"loc":{"start":{"line":28,"column":6},"end":{"line":31,"column":null}},"type":"if","locations":[{"start":{"line":28,"column":6},"end":{"line":31,"column":null}}]},"1":{"loc":{"start":{"line":109,"column":6},"end":{"line":111,"column":null}},"type":"if","locations":[{"start":{"line":109,"column":6},"end":{"line":111,"column":null}}]},"2":{"loc":{"start":{"line":127,"column":20},"end":{"line":127,"column":42}},"type":"binary-expr","locations":[{"start":{"line":127,"column":20},"end":{"line":127,"column":36}},{"start":{"line":127,"column":40},"end":{"line":127,"column":42}}]}},"s":{"0":0,"1":0,"2":0,"3":0,"4":0,"5":0,"6":0,"7":0,"8":0,"9":0,"10":0,"11":0,"12":0,"13":0,"14":0,"15":0,"16":0,"17":0,"18":0,"19":0,"20":0,"21":0,"22":0,"23":0,"24":0,"25":0,"26":0,"27":0,"28":0,"29":0,"30":0,"31":0,"32":0,"33":0,"34":0,"35":0,"36":0,"37":0,"38":0,"39":0,"40":0,"41":0,"42":0,"43":0,"44":0,"45":0,"46":0,"47":0,"48":0,"49":0,"50":0,"51":0,"52":0,"53":0,"54":0,"55":0,"56":0,"57":0,"58":0,"59":0,"60":0,"61":0,"62":0,"63":0,"64":0,"65":0,"66":0,"67":0,"68":0,"69":0},"f":{"0":0,"1":0,"2":0,"3":0,"4":0,"5":0,"6":0,"7":0,"8":0,"9":0},"b":{"0":[0],"1":[0],"2":[0,0]}}
,"/Users/gaulatti/source/yearn/debra/src/functions/monitor.d.ts": {"path":"/Users/gaulatti/source/yearn/debra/src/functions/monitor.d.ts","statementMap":{},"fnMap":{},"branchMap":{},"s":{},"f":{},"b":{}}
,"/Users/gaulatti/source/yearn/debra/src/functions/monitor.ts": {"path":"/Users/gaulatti/source/yearn/debra/src/functions/monitor.ts","statementMap":{"0":{"start":{"line":1,"column":0},"end":{"line":1,"column":26}},"1":{"start":{"line":2,"column":0},"end":{"line":2,"column":31}},"2":{"start":{"line":3,"column":0},"end":{"line":3,"column":56}},"3":{"start":{"line":5,"column":11},"end":{"line":5,"column":37}},"4":{"start":{"line":6,"column":0},"end":{"line":6,"column":36}},"5":{"start":{"line":8,"column":13},"end":{"line":51,"column":1}},"6":{"start":{"line":9,"column":2},"end":{"line":50,"column":null}},"7":{"start":{"line":10,"column":21},"end":{"line":10,"column":60}},"8":{"start":{"line":11,"column":17},"end":{"line":11,"column":30}},"9":{"start":{"line":13,"column":14},"end":{"line":13,"column":24}},"10":{"start":{"line":15,"column":29},"end":{"line":15,"column":45}},"11":{"start":{"line":18,"column":10},"end":{"line":18,"column":12}},"12":{"start":{"line":20,"column":4},"end":{"line":26,"column":7}},"13":{"start":{"line":21,"column":28},"end":{"line":21,"column":48}},"14":{"start":{"line":23,"column":19},"end":{"line":23,"column":51}},"15":{"start":{"line":25,"column":6},"end":{"line":25,"column":33}},"16":{"start":{"line":28,"column":28},"end":{"line":28,"column":51}},"17":{"start":{"line":33,"column":30},"end":{"line":35,"column":6}},"18":{"start":{"line":34,"column":6},"end":{"line":34,"column":68}},"19":{"start":{"line":34,"column":47},"end":{"line":34,"column":66}},"20":{"start":{"line":40,"column":4},"end":{"line":44,"column":null}},"21":{"start":{"line":41,"column":19},"end":{"line":41,"column":27}},"22":{"start":{"line":42,"column":6},"end":{"line":42,"column":34}},"23":{"start":{"line":43,"column":6},"end":{"line":43,"column":48}},"24":{"start":{"line":46,"column":4},"end":{"line":46,"column":30}},"25":{"start":{"line":48,"column":4},"end":{"line":48,"column":35}},"26":{"start":{"line":49,"column":4},"end":{"line":49,"column":31}},"27":{"start":{"line":53,"column":9},"end":{"line":53,"column":13}}},"fnMap":{"0":{"name":"(anonymous_0)","decl":{"start":{"line":8,"column":13},"end":{"line":8,"column":18}},"loc":{"start":{"line":8,"column":64},"end":{"line":51,"column":1}}},"1":{"name":"(anonymous_1)","decl":{"start":{"line":20,"column":26},"end":{"line":20,"column":27}},"loc":{"start":{"line":20,"column":45},"end":{"line":26,"column":5}}},"2":{"name":"(anonymous_2)","decl":{"start":{"line":33,"column":49},"end":{"line":33,"column":50}},"loc":{"start":{"line":33,"column":62},"end":{"line":35,"column":5}}},"3":{"name":"(anonymous_3)","decl":{"start":{"line":34,"column":35},"end":{"line":34,"column":36}},"loc":{"start":{"line":34,"column":47},"end":{"line":34,"column":66}}}},"branchMap":{"0":{"loc":{"start":{"line":23,"column":19},"end":{"line":23,"column":51}},"type":"binary-expr","locations":[{"start":{"line":23,"column":19},"end":{"line":23,"column":45}},{"start":{"line":23,"column":49},"end":{"line":23,"column":51}}]},"1":{"loc":{"start":{"line":28,"column":28},"end":{"line":28,"column":51}},"type":"binary-expr","locations":[{"start":{"line":28,"column":29},"end":{"line":28,"column":44}},{"start":{"line":28,"column":49},"end":{"line":28,"column":51}}]}},"s":{"0":0,"1":0,"2":0,"3":0,"4":0,"5":0,"6":0,"7":0,"8":0,"9":0,"10":0,"11":0,"12":0,"13":0,"14":0,"15":0,"16":0,"17":0,"18":0,"19":0,"20":0,"21":0,"22":0,"23":0,"24":0,"25":0,"26":0,"27":0},"f":{"0":0,"1":0,"2":0,"3":0},"b":{"0":[0,0],"1":[0,0]}}
,"/Users/gaulatti/source/yearn/debra/src/functions/pre_polly.d.ts": {"path":"/Users/gaulatti/source/yearn/debra/src/functions/pre_polly.d.ts","statementMap":{},"fnMap":{},"branchMap":{},"s":{},"f":{},"b":{}}
,"/Users/gaulatti/source/yearn/debra/src/functions/pre_polly.ts": {"path":"/Users/gaulatti/source/yearn/debra/src/functions/pre_polly.ts","statementMap":{"0":{"start":{"line":1,"column":0},"end":{"line":1,"column":55}},"1":{"start":{"line":3,"column":13},"end":{"line":39,"column":1}},"2":{"start":{"line":4,"column":59},"end":{"line":4,"column":64}},"3":{"start":{"line":5,"column":24},"end":{"line":5,"column":114}},"4":{"start":{"line":7,"column":22},"end":{"line":7,"column":42}},"5":{"start":{"line":8,"column":2},"end":{"line":8,"column":27}},"6":{"start":{"line":10,"column":21},"end":{"line":12,"column":66}},"7":{"start":{"line":12,"column":27},"end":{"line":12,"column":65}},"8":{"start":{"line":14,"column":28},"end":{"line":14,"column":32}},"9":{"start":{"line":15,"column":26},"end":{"line":15,"column":28}},"10":{"start":{"line":16,"column":31},"end":{"line":16,"column":33}},"11":{"start":{"line":18,"column":2},"end":{"line":27,"column":null}},"12":{"start":{"line":19,"column":4},"end":{"line":26,"column":null}},"13":{"start":{"line":20,"column":6},"end":{"line":20,"column":35}},"14":{"start":{"line":22,"column":6},"end":{"line":24,"column":8}},"15":{"start":{"line":25,"column":6},"end":{"line":25,"column":33}},"16":{"start":{"line":30,"column":2},"end":{"line":34,"column":null}},"17":{"start":{"line":31,"column":4},"end":{"line":33,"column":6}},"18":{"start":{"line":36,"column":20},"end":{"line":36,"column":86}},"19":{"start":{"line":36,"column":51},"end":{"line":36,"column":84}},"20":{"start":{"line":38,"column":2},"end":{"line":38,"column":70}},"21":{"start":{"line":41,"column":9},"end":{"line":41,"column":13}}},"fnMap":{"0":{"name":"(anonymous_0)","decl":{"start":{"line":3,"column":13},"end":{"line":3,"column":18}},"loc":{"start":{"line":3,"column":64},"end":{"line":39,"column":1}}},"1":{"name":"(anonymous_1)","decl":{"start":{"line":12,"column":9},"end":{"line":12,"column":10}},"loc":{"start":{"line":12,"column":27},"end":{"line":12,"column":65}}},"2":{"name":"(anonymous_2)","decl":{"start":{"line":36,"column":40},"end":{"line":36,"column":41}},"loc":{"start":{"line":36,"column":51},"end":{"line":36,"column":84}}}},"branchMap":{"0":{"loc":{"start":{"line":19,"column":4},"end":{"line":26,"column":null}},"type":"if","locations":[{"start":{"line":19,"column":4},"end":{"line":26,"column":null}},{"start":{"line":21,"column":11},"end":{"line":26,"column":null}}]},"1":{"loc":{"start":{"line":30,"column":2},"end":{"line":34,"column":null}},"type":"if","locations":[{"start":{"line":30,"column":2},"end":{"line":34,"column":null}}]}},"s":{"0":0,"1":0,"2":0,"3":0,"4":0,"5":0,"6":0,"7":0,"8":0,"9":0,"10":0,"11":0,"12":0,"13":0,"14":0,"15":0,"16":0,"17":0,"18":0,"19":0,"20":0,"21":0},"f":{"0":0,"1":0,"2":0},"b":{"0":[0,0],"1":[0]}}
,"/Users/gaulatti/source/yearn/debra/src/functions/pre_translate.d.ts": {"path":"/Users/gaulatti/source/yearn/debra/src/functions/pre_translate.d.ts","statementMap":{},"fnMap":{},"branchMap":{},"s":{},"f":{},"b":{}}
,"/Users/gaulatti/source/yearn/debra/src/functions/pre_translate.ts": {"path":"/Users/gaulatti/source/yearn/debra/src/functions/pre_translate.ts","statementMap":{"0":{"start":{"line":1,"column":13},"end":{"line":19,"column":1}},"1":{"start":{"line":7,"column":6},"end":{"line":7,"column":11}},"2":{"start":{"line":9,"column":24},"end":{"line":9,"column":71}},"3":{"start":{"line":11,"column":2},"end":{"line":18,"column":4}},"4":{"start":{"line":21,"column":9},"end":{"line":21,"column":13}}},"fnMap":{"0":{"name":"(anonymous_0)","decl":{"start":{"line":1,"column":13},"end":{"line":1,"column":18}},"loc":{"start":{"line":1,"column":64},"end":{"line":19,"column":1}}}},"branchMap":{},"s":{"0":0,"1":0,"2":0,"3":0,"4":0},"f":{"0":0},"b":{}}
,"/Users/gaulatti/source/yearn/debra/src/functions/task_update.d.ts": {"path":"/Users/gaulatti/source/yearn/debra/src/functions/task_update.d.ts","statementMap":{},"fnMap":{},"branchMap":{},"s":{},"f":{},"b":{}}
,"/Users/gaulatti/source/yearn/debra/src/functions/task_update.ts": {"path":"/Users/gaulatti/source/yearn/debra/src/functions/task_update.ts","statementMap":{"0":{"start":{"line":1,"column":0},"end":{"line":1,"column":63}},"1":{"start":{"line":3,"column":11},"end":{"line":3,"column":26}},"2":{"start":{"line":5,"column":13},"end":{"line":11,"column":1}},"3":{"start":{"line":6,"column":2},"end":{"line":6,"column":null}},"4":{"start":{"line":13,"column":9},"end":{"line":13,"column":13}}},"fnMap":{"0":{"name":"(anonymous_0)","decl":{"start":{"line":5,"column":13},"end":{"line":5,"column":18}},"loc":{"start":{"line":5,"column":64},"end":{"line":11,"column":1}}}},"branchMap":{},"s":{"0":0,"1":0,"2":0,"3":0,"4":0},"f":{"0":0},"b":{}}
,"/Users/gaulatti/source/yearn/debra/src/functions/task_wait.d.ts": {"path":"/Users/gaulatti/source/yearn/debra/src/functions/task_wait.d.ts","statementMap":{},"fnMap":{},"branchMap":{},"s":{},"f":{},"b":{}}
,"/Users/gaulatti/source/yearn/debra/src/functions/task_wait.ts": {"path":"/Users/gaulatti/source/yearn/debra/src/functions/task_wait.ts","statementMap":{"0":{"start":{"line":1,"column":0},"end":{"line":1,"column":63}},"1":{"start":{"line":2,"column":0},"end":{"line":2,"column":33}},"2":{"start":{"line":3,"column":11},"end":{"line":3,"column":26}},"3":{"start":{"line":4,"column":13},"end":{"line":23,"column":1}},"4":{"start":{"line":9,"column":6},"end":{"line":9,"column":11}},"5":{"start":{"line":11,"column":13},"end":{"line":11,"column":33}},"6":{"start":{"line":12,"column":2},"end":{"line":14,"column":null}},"7":{"start":{"line":13,"column":4},"end":{"line":13,"column":35}},"8":{"start":{"line":16,"column":2},"end":{"line":19,"column":null}},"9":{"start":{"line":17,"column":4},"end":{"line":17,"column":22}},"10":{"start":{"line":18,"column":4},"end":{"line":18,"column":32}},"11":{"start":{"line":21,"column":2},"end":{"line":21,"column":null}},"12":{"start":{"line":22,"column":2},"end":{"line":22,"column":null}},"13":{"start":{"line":25,"column":9},"end":{"line":25,"column":13}}},"fnMap":{"0":{"name":"(anonymous_0)","decl":{"start":{"line":4,"column":13},"end":{"line":4,"column":18}},"loc":{"start":{"line":4,"column":64},"end":{"line":23,"column":1}}}},"branchMap":{"0":{"loc":{"start":{"line":12,"column":2},"end":{"line":14,"column":null}},"type":"if","locations":[{"start":{"line":12,"column":2},"end":{"line":14,"column":null}}]}},"s":{"0":0,"1":0,"2":0,"3":0,"4":0,"5":0,"6":0,"7":0,"8":0,"9":0,"10":0,"11":0,"12":0,"13":0},"f":{"0":0},"b":{"0":[0]}}
,"/Users/gaulatti/source/yearn/debra/src/functions/trigger.d.ts": {"path":"/Users/gaulatti/source/yearn/debra/src/functions/trigger.d.ts","statementMap":{},"fnMap":{},"branchMap":{},"s":{},"f":{},"b":{}}
,"/Users/gaulatti/source/yearn/debra/src/functions/trigger.ts": {"path":"/Users/gaulatti/source/yearn/debra/src/functions/trigger.ts","statementMap":{"0":{"start":{"line":1,"column":0},"end":{"line":1,"column":71}},"1":{"start":{"line":2,"column":0},"end":{"line":2,"column":26}},"2":{"start":{"line":3,"column":0},"end":{"line":3,"column":31}},"3":{"start":{"line":4,"column":0},"end":{"line":4,"column":56}},"4":{"start":{"line":5,"column":0},"end":{"line":5,"column":59}},"5":{"start":{"line":6,"column":0},"end":{"line":6,"column":52}},"6":{"start":{"line":8,"column":11},"end":{"line":8,"column":37}},"7":{"start":{"line":9,"column":15},"end":{"line":9,"column":30}},"8":{"start":{"line":11,"column":13},"end":{"line":53,"column":1}},"9":{"start":{"line":12,"column":2},"end":{"line":52,"column":null}},"10":{"start":{"line":13,"column":17},"end":{"line":13,"column":53}},"11":{"start":{"line":15,"column":4},"end":{"line":51,"column":null}},"12":{"start":{"line":16,"column":27},"end":{"line":16,"column":36}},"13":{"start":{"line":17,"column":26},"end":{"line":17,"column":34}},"14":{"start":{"line":19,"column":6},"end":{"line":50,"column":null}},"15":{"start":{"line":20,"column":25},"end":{"line":20,"column":70}},"16":{"start":{"line":21,"column":21},"end":{"line":21,"column":34}},"17":{"start":{"line":22,"column":18},"end":{"line":22,"column":28}},"18":{"start":{"line":24,"column":22},"end":{"line":24,"column":50}},"19":{"start":{"line":25,"column":23},"end":{"line":25,"column":55}},"20":{"start":{"line":26,"column":21},"end":{"line":29,"column":21}},"21":{"start":{"line":27,"column":35},"end":{"line":27,"column":59}},"22":{"start":{"line":31,"column":8},"end":{"line":31,"column":42}},"23":{"start":{"line":33,"column":8},"end":{"line":47,"column":null}},"24":{"start":{"line":34,"column":24},"end":{"line":38,"column":12}},"25":{"start":{"line":39,"column":26},"end":{"line":39,"column":58}},"26":{"start":{"line":40,"column":28},"end":{"line":40,"column":54}},"27":{"start":{"line":41,"column":10},"end":{"line":46,"column":13}},"28":{"start":{"line":49,"column":8},"end":{"line":49,"column":72}},"29":{"start":{"line":55,"column":9},"end":{"line":55,"column":13}}},"fnMap":{"0":{"name":"(anonymous_0)","decl":{"start":{"line":11,"column":13},"end":{"line":11,"column":18}},"loc":{"start":{"line":11,"column":65},"end":{"line":53,"column":1}}},"1":{"name":"(anonymous_1)","decl":{"start":{"line":27,"column":15},"end":{"line":27,"column":16}},"loc":{"start":{"line":27,"column":35},"end":{"line":27,"column":59}}}},"branchMap":{"0":{"loc":{"start":{"line":15,"column":4},"end":{"line":51,"column":null}},"type":"if","locations":[{"start":{"line":15,"column":4},"end":{"line":51,"column":null}}]}},"s":{"0":0,"1":0,"2":0,"3":0,"4":0,"5":0,"6":0,"7":0,"8":0,"9":0,"10":0,"11":0,"12":0,"13":0,"14":0,"15":0,"16":0,"17":0,"18":0,"19":0,"20":0,"21":0,"22":0,"23":0,"24":0,"25":0,"26":0,"27":0,"28":0,"29":0},"f":{"0":0,"1":0},"b":{"0":[0]}}
,"/Users/gaulatti/source/yearn/debra/src/utils/index.d.ts": {"path":"/Users/gaulatti/source/yearn/debra/src/utils/index.d.ts","statementMap":{},"fnMap":{},"branchMap":{},"s":{},"f":{},"b":{}}
,"/Users/gaulatti/source/yearn/debra/src/utils/index.ts": {"path":"/Users/gaulatti/source/yearn/debra/src/utils/index.ts","statementMap":{"0":{"start":{"line":1,"column":0},"end":{"line":1,"column":49}},"1":{"start":{"line":2,"column":0},"end":{"line":2,"column":68}},"2":{"start":{"line":4,"column":30},"end":{"line":4,"column":56}},"3":{"start":{"line":5,"column":29},"end":{"line":12,"column":1}},"4":{"start":{"line":6,"column":2},"end":{"line":11,"column":27}},"5":{"start":{"line":64,"column":2},"end":{"line":64,"column":22}},"6":{"start":{"line":14,"column":14},"end":{"line":18,"column":1}},"7":{"start":{"line":15,"column":2},"end":{"line":17,"column":5}},"8":{"start":{"line":16,"column":4},"end":{"line":16,"column":38}},"9":{"start":{"line":65,"column":2},"end":{"line":65,"column":7}},"10":{"start":{"line":20,"column":26},"end":{"line":32,"column":1}},"11":{"start":{"line":21,"column":59},"end":{"line":21,"column":64}},"12":{"start":{"line":24,"column":4},"end":{"line":26,"column":32}},"13":{"start":{"line":28,"column":15},"end":{"line":28,"column":66}},"14":{"start":{"line":29,"column":19},"end":{"line":29,"column":75}},"15":{"start":{"line":31,"column":2},"end":{"line":31,"column":39}},"16":{"start":{"line":66,"column":2},"end":{"line":66,"column":19}},"17":{"start":{"line":34,"column":37},"end":{"line":41,"column":1}},"18":{"start":{"line":35,"column":16},"end":{"line":35,"column":63}},"19":{"start":{"line":36,"column":16},"end":{"line":36,"column":31}},"20":{"start":{"line":37,"column":2},"end":{"line":39,"column":null}},"21":{"start":{"line":38,"column":4},"end":{"line":38,"column":26}},"22":{"start":{"line":40,"column":2},"end":{"line":40,"column":14}},"23":{"start":{"line":63,"column":2},"end":{"line":63,"column":30}},"24":{"start":{"line":43,"column":25},"end":{"line":48,"column":1}},"25":{"start":{"line":44,"column":2},"end":{"line":47,"column":4}},"26":{"start":{"line":67,"column":2},"end":{"line":67,"column":18}},"27":{"start":{"line":50,"column":30},"end":{"line":59,"column":1}},"28":{"start":{"line":51,"column":24},"end":{"line":51,"column":79}},"29":{"start":{"line":51,"column":69},"end":{"line":51,"column":78}},"30":{"start":{"line":53,"column":2},"end":{"line":58,"column":null}},"31":{"start":{"line":54,"column":4},"end":{"line":54,"column":50}},"32":{"start":{"line":56,"column":23},"end":{"line":56,"column":54}},"33":{"start":{"line":57,"column":4},"end":{"line":57,"column":76}},"34":{"start":{"line":57,"column":49},"end":{"line":57,"column":74}},"35":{"start":{"line":62,"column":2},"end":{"line":62,"column":23}}},"fnMap":{"0":{"name":"(anonymous_0)","decl":{"start":{"line":5,"column":29},"end":{"line":5,"column":30}},"loc":{"start":{"line":5,"column":46},"end":{"line":12,"column":1}}},"1":{"name":"(anonymous_1)","decl":{"start":{"line":14,"column":14},"end":{"line":14,"column":19}},"loc":{"start":{"line":14,"column":44},"end":{"line":18,"column":1}}},"2":{"name":"(anonymous_2)","decl":{"start":{"line":15,"column":21},"end":{"line":15,"column":22}},"loc":{"start":{"line":15,"column":33},"end":{"line":17,"column":3}}},"3":{"name":"(anonymous_3)","decl":{"start":{"line":20,"column":26},"end":{"line":20,"column":27}},"loc":{"start":{"line":20,"column":41},"end":{"line":32,"column":1}}},"4":{"name":"(anonymous_4)","decl":{"start":{"line":34,"column":37},"end":{"line":34,"column":38}},"loc":{"start":{"line":34,"column":53},"end":{"line":41,"column":1}}},"5":{"name":"(anonymous_5)","decl":{"start":{"line":43,"column":25},"end":{"line":43,"column":26}},"loc":{"start":{"line":43,"column":62},"end":{"line":48,"column":1}}},"6":{"name":"(anonymous_6)","decl":{"start":{"line":50,"column":30},"end":{"line":50,"column":31}},"loc":{"start":{"line":50,"column":78},"end":{"line":59,"column":1}}},"7":{"name":"(anonymous_7)","decl":{"start":{"line":51,"column":43},"end":{"line":51,"column":44}},"loc":{"start":{"line":51,"column":69},"end":{"line":51,"column":78}}},"8":{"name":"(anonymous_8)","decl":{"start":{"line":57,"column":31},"end":{"line":57,"column":32}},"loc":{"start":{"line":57,"column":49},"end":{"line":57,"column":74}}}},"branchMap":{"0":{"loc":{"start":{"line":14,"column":21},"end":{"line":14,"column":40}},"type":"default-arg","locations":[{"start":{"line":14,"column":36},"end":{"line":14,"column":40}}]},"1":{"loc":{"start":{"line":21,"column":22},"end":{"line":21,"column":41}},"type":"default-arg","locations":[{"start":{"line":21,"column":39},"end":{"line":21,"column":41}}]},"2":{"loc":{"start":{"line":21,"column":43},"end":{"line":21,"column":54}},"type":"default-arg","locations":[{"start":{"line":21,"column":50},"end":{"line":21,"column":54}}]},"3":{"loc":{"start":{"line":24,"column":4},"end":{"line":26,"column":32}},"type":"cond-expr","locations":[{"start":{"line":25,"column":8},"end":{"line":25,"column":34}},{"start":{"line":26,"column":8},"end":{"line":26,"column":32}}]},"4":{"loc":{"start":{"line":28,"column":15},"end":{"line":28,"column":66}},"type":"cond-expr","locations":[{"start":{"line":28,"column":39},"end":{"line":28,"column":59}},{"start":{"line":28,"column":62},"end":{"line":28,"column":66}}]},"5":{"loc":{"start":{"line":29,"column":19},"end":{"line":29,"column":75}},"type":"cond-expr","locations":[{"start":{"line":29,"column":43},"end":{"line":29,"column":68}},{"start":{"line":29,"column":71},"end":{"line":29,"column":75}}]},"6":{"loc":{"start":{"line":37,"column":2},"end":{"line":39,"column":null}},"type":"if","locations":[{"start":{"line":37,"column":2},"end":{"line":39,"column":null}}]},"7":{"loc":{"start":{"line":37,"column":6},"end":{"line":37,"column":23}},"type":"binary-expr","locations":[{"start":{"line":37,"column":6},"end":{"line":37,"column":11}},{"start":{"line":37,"column":15},"end":{"line":37,"column":23}}]},"8":{"loc":{"start":{"line":53,"column":2},"end":{"line":58,"column":null}},"type":"if","locations":[{"start":{"line":53,"column":2},"end":{"line":58,"column":null}},{"start":{"line":55,"column":9},"end":{"line":58,"column":null}}]},"9":{"loc":{"start":{"line":54,"column":11},"end":{"line":54,"column":49}},"type":"binary-expr","locations":[{"start":{"line":54,"column":11},"end":{"line":54,"column":23}},{"start":{"line":54,"column":27},"end":{"line":54,"column":49}}]},"10":{"loc":{"start":{"line":56,"column":35},"end":{"line":56,"column":53}},"type":"binary-expr","locations":[{"start":{"line":56,"column":35},"end":{"line":56,"column":47}},{"start":{"line":56,"column":51},"end":{"line":56,"column":53}}]}},"s":{"0":0,"1":0,"2":0,"3":0,"4":0,"5":0,"6":0,"7":0,"8":0,"9":0,"10":0,"11":0,"12":0,"13":0,"14":0,"15":0,"16":0,"17":0,"18":0,"19":0,"20":0,"21":0,"22":0,"23":0,"24":0,"25":0,"26":0,"27":0,"28":0,"29":0,"30":0,"31":0,"32":0,"33":0,"34":0,"35":0},"f":{"0":0,"1":0,"2":0,"3":0,"4":0,"5":0,"6":0,"7":0,"8":0},"b":{"0":[0],"1":[0],"2":[0],"3":[0,0],"4":[0,0],"5":[0,0],"6":[0],"7":[0,0],"8":[0,0],"9":[0,0],"10":[0,0]}}
,"/Users/gaulatti/source/yearn/debra/src/utils/consts/languages.d.ts": {"path":"/Users/gaulatti/source/yearn/debra/src/utils/consts/languages.d.ts","statementMap":{},"fnMap":{},"branchMap":{},"s":{},"f":{},"b":{}}
,"/Users/gaulatti/source/yearn/debra/src/utils/consts/languages.ts": {"path":"/Users/gaulatti/source/yearn/debra/src/utils/consts/languages.ts","statementMap":{"0":{"start":{"line":1,"column":0},"end":{"line":1,"column":null}},"1":{"start":{"line":2,"column":2},"end":{"line":2,"column":null}},"2":{"start":{"line":3,"column":2},"end":{"line":3,"column":null}},"3":{"start":{"line":18,"column":41},"end":{"line":165,"column":2}},"4":{"start":{"line":167,"column":9},"end":{"line":167,"column":23}}},"fnMap":{"0":{"name":"(anonymous_0)","decl":{"start":{"line":1,"column":0},"end":{"line":1,"column":12}},"loc":{"start":{"line":1,"column":18},"end":{"line":4,"column":1}}}},"branchMap":{"0":{"loc":{"start":{"line":1,"column":12},"end":{"line":1,"column":null}},"type":"binary-expr","locations":[{"start":{"line":1,"column":12},"end":{"line":1,"column":18}},{"start":{"line":1,"column":18},"end":{"line":1,"column":null}}]}},"s":{"0":0,"1":0,"2":0,"3":0,"4":0},"f":{"0":0},"b":{"0":[0,0]}}
,"/Users/gaulatti/source/yearn/debra/src/utils/dal/index.d.ts": {"path":"/Users/gaulatti/source/yearn/debra/src/utils/dal/index.d.ts","statementMap":{},"fnMap":{},"branchMap":{},"s":{},"f":{},"b":{}}
,"/Users/gaulatti/source/yearn/debra/src/utils/dal/index.ts": {"path":"/Users/gaulatti/source/yearn/debra/src/utils/dal/index.ts","statementMap":{"0":{"start":{"line":1,"column":0},"end":{"line":1,"column":72}},"1":{"start":{"line":2,"column":0},"end":{"line":2,"column":52}},"2":{"start":{"line":3,"column":0},"end":{"line":3,"column":null}},"3":{"start":{"line":12,"column":21},"end":{"line":12,"column":43}},"4":{"start":{"line":13,"column":18},"end":{"line":17,"column":2}},"5":{"start":{"line":19,"column":34},"end":{"line":19,"column":38}},"6":{"start":{"line":21,"column":0},"end":{"line":21,"column":null}},"7":{"start":{"line":22,"column":2},"end":{"line":22,"column":null}},"8":{"start":{"line":23,"column":2},"end":{"line":23,"column":null}},"9":{"start":{"line":24,"column":2},"end":{"line":24,"column":null}},"10":{"start":{"line":25,"column":2},"end":{"line":25,"column":null}},"11":{"start":{"line":32,"column":4},"end":{"line":32,"column":37}},"12":{"start":{"line":36,"column":20},"end":{"line":38,"column":6}},"13":{"start":{"line":40,"column":21},"end":{"line":40,"column":50}},"14":{"start":{"line":42,"column":4},"end":{"line":42,"column":26}},"15":{"start":{"line":46,"column":4},"end":{"line":46,"column":27}},"16":{"start":{"line":46,"column":15},"end":{"line":46,"column":27}},"17":{"start":{"line":48,"column":20},"end":{"line":53,"column":6}},"18":{"start":{"line":55,"column":21},"end":{"line":55,"column":50}},"19":{"start":{"line":56,"column":4},"end":{"line":56,"column":25}},"20":{"start":{"line":60,"column":20},"end":{"line":69,"column":6}},"21":{"start":{"line":71,"column":4},"end":{"line":71,"column":34}},"22":{"start":{"line":73,"column":4},"end":{"line":73,"column":20}},"23":{"start":{"line":78,"column":6},"end":{"line":78,"column":60}},"24":{"start":{"line":79,"column":58},"end":{"line":82,"column":6}},"25":{"start":{"line":84,"column":4},"end":{"line":84,"column":80}},"26":{"start":{"line":93,"column":20},"end":{"line":105,"column":6}},"27":{"start":{"line":107,"column":4},"end":{"line":107,"column":34}},"28":{"start":{"line":109,"column":4},"end":{"line":109,"column":15}},"29":{"start":{"line":113,"column":27},"end":{"line":113,"column":71}},"30":{"start":{"line":114,"column":58},"end":{"line":117,"column":6}},"31":{"start":{"line":119,"column":4},"end":{"line":119,"column":80}},"32":{"start":{"line":126,"column":27},"end":{"line":126,"column":75}},"33":{"start":{"line":127,"column":58},"end":{"line":130,"column":6}},"34":{"start":{"line":132,"column":4},"end":{"line":132,"column":80}},"35":{"start":{"line":140,"column":20},"end":{"line":148,"column":6}},"36":{"start":{"line":150,"column":4},"end":{"line":150,"column":41}},"37":{"start":{"line":154,"column":20},"end":{"line":159,"column":6}},"38":{"start":{"line":161,"column":4},"end":{"line":161,"column":35}},"39":{"start":{"line":165,"column":4},"end":{"line":165,"column":26}},"40":{"start":{"line":165,"column":14},"end":{"line":165,"column":26}},"41":{"start":{"line":166,"column":20},"end":{"line":176,"column":6}},"42":{"start":{"line":178,"column":21},"end":{"line":178,"column":50}},"43":{"start":{"line":179,"column":4},"end":{"line":179,"column":70}},"44":{"start":{"line":183,"column":33},"end":{"line":189,"column":1}},"45":{"start":{"line":184,"column":2},"end":{"line":186,"column":null}},"46":{"start":{"line":185,"column":4},"end":{"line":185,"column":32}},"47":{"start":{"line":188,"column":2},"end":{"line":188,"column":20}},"48":{"start":{"line":191,"column":24},"end":{"line":191,"column":48}}},"fnMap":{"0":{"name":"(anonymous_0)","decl":{"start":{"line":21,"column":0},"end":{"line":21,"column":5}},"loc":{"start":{"line":21,"column":18},"end":{"line":26,"column":1}}},"1":{"name":"(anonymous_1)","decl":{"start":{"line":31,"column":2},"end":{"line":31,"column":null}},"loc":{"start":{"line":31,"column":2},"end":{"line":33,"column":3}}},"2":{"name":"(anonymous_2)","decl":{"start":{"line":35,"column":9},"end":{"line":35,"column":14}},"loc":{"start":{"line":35,"column":19},"end":{"line":43,"column":3}}},"3":{"name":"(anonymous_3)","decl":{"start":{"line":45,"column":9},"end":{"line":45,"column":14}},"loc":{"start":{"line":45,"column":50},"end":{"line":57,"column":3}}},"4":{"name":"(anonymous_4)","decl":{"start":{"line":59,"column":9},"end":{"line":59,"column":14}},"loc":{"start":{"line":59,"column":47},"end":{"line":74,"column":3}}},"5":{"name":"(anonymous_5)","decl":{"start":{"line":76,"column":9},"end":{"line":76,"column":14}},"loc":{"start":{"line":76,"column":63},"end":{"line":85,"column":3}}},"6":{"name":"(anonymous_6)","decl":{"start":{"line":87,"column":9},"end":{"line":87,"column":14}},"loc":{"start":{"line":91,"column":20},"end":{"line":110,"column":3}}},"7":{"name":"(anonymous_7)","decl":{"start":{"line":112,"column":9},"end":{"line":112,"column":14}},"loc":{"start":{"line":112,"column":54},"end":{"line":120,"column":3}}},"8":{"name":"(anonymous_8)","decl":{"start":{"line":122,"column":9},"end":{"line":122,"column":14}},"loc":{"start":{"line":124,"column":75},"end":{"line":133,"column":3}}},"9":{"name":"(anonymous_9)","decl":{"start":{"line":135,"column":10},"end":{"line":135,"column":15}},"loc":{"start":{"line":138,"column":51},"end":{"line":151,"column":3}}},"10":{"name":"(anonymous_10)","decl":{"start":{"line":153,"column":9},"end":{"line":153,"column":14}},"loc":{"start":{"line":153,"column":34},"end":{"line":162,"column":3}}},"11":{"name":"(anonymous_11)","decl":{"start":{"line":164,"column":9},"end":{"line":164,"column":14}},"loc":{"start":{"line":164,"column":56},"end":{"line":180,"column":3}}},"12":{"name":"(anonymous_12)","decl":{"start":{"line":183,"column":33},"end":{"line":183,"column":36}},"loc":{"start":{"line":183,"column":38},"end":{"line":189,"column":1}}}},"branchMap":{"0":{"loc":{"start":{"line":21,"column":5},"end":{"line":21,"column":null}},"type":"binary-expr","locations":[{"start":{"line":21,"column":5},"end":{"line":21,"column":18}},{"start":{"line":21,"column":18},"end":{"line":21,"column":null}}]},"1":{"loc":{"start":{"line":46,"column":4},"end":{"line":46,"column":27}},"type":"if","locations":[{"start":{"line":46,"column":4},"end":{"line":46,"column":27}}]},"2":{"loc":{"start":{"line":165,"column":4},"end":{"line":165,"column":26}},"type":"if","locations":[{"start":{"line":165,"column":4},"end":{"line":165,"column":26}}]},"3":{"loc":{"start":{"line":179,"column":11},"end":{"line":179,"column":69}},"type":"cond-expr","locations":[{"start":{"line":179,"column":33},"end":{"line":179,"column":62}},{"start":{"line":179,"column":65},"end":{"line":179,"column":69}}]},"4":{"loc":{"start":{"line":184,"column":2},"end":{"line":186,"column":null}},"type":"if","locations":[{"start":{"line":184,"column":2},"end":{"line":186,"column":null}}]}},"s":{"0":0,"1":0,"2":0,"3":0,"4":0,"5":0,"6":0,"7":0,"8":0,"9":0,"10":0,"11":0,"12":0,"13":0,"14":0,"15":0,"16":0,"17":0,"18":0,"19":0,"20":0,"21":0,"22":0,"23":0,"24":0,"25":0,"26":0,"27":0,"28":0,"29":0,"30":0,"31":0,"32":0,"33":0,"34":0,"35":0,"36":0,"37":0,"38":0,"39":0,"40":0,"41":0,"42":0,"43":0,"44":0,"45":0,"46":0,"47":0,"48":0},"f":{"0":0,"1":0,"2":0,"3":0,"4":0,"5":0,"6":0,"7":0,"8":0,"9":0,"10":0,"11":0,"12":0},"b":{"0":[0,0],"1":[0],"2":[0],"3":[0,0],"4":[0]}}
,"/Users/gaulatti/source/yearn/debra/src/utils/dal/tasks.d.ts": {"path":"/Users/gaulatti/source/yearn/debra/src/utils/dal/tasks.d.ts","statementMap":{},"fnMap":{},"branchMap":{},"s":{},"f":{},"b":{}}
,"/Users/gaulatti/source/yearn/debra/src/utils/dal/tasks.ts": {"path":"/Users/gaulatti/source/yearn/debra/src/utils/dal/tasks.ts","statementMap":{"0":{"start":{"line":1,"column":0},"end":{"line":1,"column":58}},"1":{"start":{"line":2,"column":0},"end":{"line":2,"column":null}},"2":{"start":{"line":9,"column":21},"end":{"line":9,"column":43}},"3":{"start":{"line":10,"column":18},"end":{"line":14,"column":2}},"4":{"start":{"line":16,"column":34},"end":{"line":16,"column":38}},"5":{"start":{"line":18,"column":0},"end":{"line":18,"column":null}},"6":{"start":{"line":19,"column":2},"end":{"line":19,"column":null}},"7":{"start":{"line":20,"column":2},"end":{"line":20,"column":null}},"8":{"start":{"line":27,"column":4},"end":{"line":27,"column":34}},"9":{"start":{"line":31,"column":20},"end":{"line":36,"column":6}},"10":{"start":{"line":38,"column":21},"end":{"line":38,"column":50}},"11":{"start":{"line":39,"column":4},"end":{"line":39,"column":25}},"12":{"start":{"line":43,"column":17},"end":{"line":48,"column":6}},"13":{"start":{"line":49,"column":20},"end":{"line":52,"column":6}},"14":{"start":{"line":54,"column":4},"end":{"line":54,"column":34}},"15":{"start":{"line":56,"column":4},"end":{"line":56,"column":null}},"16":{"start":{"line":61,"column":6},"end":{"line":61,"column":60}},"17":{"start":{"line":62,"column":58},"end":{"line":65,"column":6}},"18":{"start":{"line":67,"column":4},"end":{"line":67,"column":80}},"19":{"start":{"line":75,"column":20},"end":{"line":83,"column":6}},"20":{"start":{"line":85,"column":4},"end":{"line":85,"column":41}},"21":{"start":{"line":89,"column":22},"end":{"line":95,"column":1}},"22":{"start":{"line":90,"column":2},"end":{"line":92,"column":null}},"23":{"start":{"line":91,"column":4},"end":{"line":91,"column":32}},"24":{"start":{"line":94,"column":2},"end":{"line":94,"column":20}},"25":{"start":{"line":97,"column":21},"end":{"line":97,"column":34}}},"fnMap":{"0":{"name":"(anonymous_0)","decl":{"start":{"line":18,"column":0},"end":{"line":18,"column":5}},"loc":{"start":{"line":18,"column":15},"end":{"line":21,"column":1}}},"1":{"name":"(anonymous_1)","decl":{"start":{"line":26,"column":2},"end":{"line":26,"column":null}},"loc":{"start":{"line":26,"column":2},"end":{"line":28,"column":3}}},"2":{"name":"(anonymous_2)","decl":{"start":{"line":30,"column":9},"end":{"line":30,"column":14}},"loc":{"start":{"line":30,"column":31},"end":{"line":40,"column":3}}},"3":{"name":"(anonymous_3)","decl":{"start":{"line":42,"column":9},"end":{"line":42,"column":14}},"loc":{"start":{"line":42,"column":34},"end":{"line":57,"column":3}}},"4":{"name":"(anonymous_4)","decl":{"start":{"line":59,"column":9},"end":{"line":59,"column":14}},"loc":{"start":{"line":59,"column":60},"end":{"line":68,"column":3}}},"5":{"name":"(anonymous_5)","decl":{"start":{"line":70,"column":10},"end":{"line":70,"column":15}},"loc":{"start":{"line":73,"column":51},"end":{"line":86,"column":3}}},"6":{"name":"(anonymous_6)","decl":{"start":{"line":89,"column":22},"end":{"line":89,"column":25}},"loc":{"start":{"line":89,"column":27},"end":{"line":95,"column":1}}}},"branchMap":{"0":{"loc":{"start":{"line":18,"column":5},"end":{"line":18,"column":null}},"type":"binary-expr","locations":[{"start":{"line":18,"column":5},"end":{"line":18,"column":15}},{"start":{"line":18,"column":15},"end":{"line":18,"column":null}}]},"1":{"loc":{"start":{"line":90,"column":2},"end":{"line":92,"column":null}},"type":"if","locations":[{"start":{"line":90,"column":2},"end":{"line":92,"column":null}}]}},"s":{"0":0,"1":0,"2":0,"3":0,"4":0,"5":0,"6":0,"7":0,"8":0,"9":0,"10":0,"11":0,"12":0,"13":0,"14":0,"15":0,"16":0,"17":0,"18":0,"19":0,"20":0,"21":0,"22":0,"23":0,"24":0,"25":0},"f":{"0":0,"1":0,"2":0,"3":0,"4":0,"5":0,"6":0},"b":{"0":[0,0],"1":[0]}}
}
